Starting project at /app
Starting Metro Bundler
The following packages should be updated for best compatibility with the installed expo version:
  react-native-svg@15.15.1 - expected version: 15.12.1
  react-native-worklets@0.6.1 - expected version: 0.5.1
Your project may not work correctly until you install the expected versions of the packages.
Waiting on http://localhost:8081
Logs for your project will appear below.
Web node_modules/expo-router/entry.js ░░░░░░░░░░░░░░░░  0.0% (0/1)
Web node_modules/expo-router/entry.js ▓▓▓▓▓▓▓▓▓▓░░░░░░ 64.0% ( 64/206)
Web node_modules/expo-router/entry.js ▓▓▓▓▓▓▓▓▓▓░░░░░░ 64.0% (309/482)
Web node_modules/expo-router/entry.js ▓▓▓▓▓▓▓▓▓▓░░░░░░ 64.0% ( 658/2370)
Web node_modules/expo-router/entry.js ▓▓▓▓▓▓▓▓▓▓░░░░░░ 64.0% (1857/2370)
Web node_modules/expo-router/entry.js ▓▓▓▓▓▓▓▓▓▓▓▓▓▓▓░ 94.7% (2473/2615)
Web node_modules/expo-router/entry.js ▓▓▓▓▓▓▓▓▓▓▓▓▓▓▓░ 98.3% (2840/2874)
Web Bundled 21699ms node_modules/expo-router/entry.js (2900 modules)
 LOG  [web] Logs will appear in the browser console
Web node_modules/expo-router/entry.js ░░░░░░░░░░░░░░░░  0.0% (0/1)
Web Bundled 145ms node_modules/expo-router/entry.js (1 module)
 LOG  [web] Logs will appear in the browser console
Web node_modules/expo-router/entry.js ░░░░░░░░░░░░░░░░  0.0% (0/1)
Web Bundled 102ms node_modules/expo-router/entry.js (1 module)
 LOG  [web] Logs will appear in the browser console
Web node_modules/expo-router/entry.js ░░░░░░░░░░░░░░░░  0.0% (0/1)
Web Bundled 99ms node_modules/expo-router/entry.js (1 module)
 LOG  [web] Logs will appear in the browser console
Web node_modules/expo-router/entry.js ░░░░░░░░░░░░░░░░  0.0% (0/1)
Web Bundled 157ms node_modules/expo-router/entry.js (1 module)
 LOG  [web] Logs will appear in the browser console
Web node_modules/expo-router/entry.js ░░░░░░░░░░░░░░░░  0.0% (0/1)
Web Bundled 97ms node_modules/expo-router/entry.js (1 module)
 LOG  [web] Logs will appear in the browser console
